2018-04-29 12:48:34.372  INFO 2076 --- [main] com.example.demo.DemoApplicationTests    : Starting DemoApplicationTests on LAPTOP-BV675RMP with PID 2076 (started by 联想 in C:\Users\联想\IdeaProjects\homework3)
2018-04-29 12:48:34.375  INFO 2076 --- [main] com.example.demo.DemoApplicationTests    : No active profile set, falling back to default profiles: default
2018-04-29 12:48:34.506  INFO 2076 --- [main] o.s.w.c.s.GenericWebApplicationContext   : Refreshing org.springframework.web.context.support.GenericWebApplicationContext@1a75e76a: startup date [Sun Apr 29 12:48:34 CST 2018]; root of context hierarchy
2018-04-29 12:48:38.126  INFO 2076 --- [main] o.s.w.s.handler.SimpleUrlHandlerMapping  : Mapped URL path [/**/favicon.ico] onto handler of type [class org.springframework.web.servlet.resource.ResourceHttpRequestHandler]
2018-04-29 12:48:39.214  INFO 2076 --- [main] s.w.s.m.m.a.RequestMappingHandlerAdapter : Looking for @ControllerAdvice: org.springframework.web.context.support.GenericWebApplicationContext@1a75e76a: startup date [Sun Apr 29 12:48:34 CST 2018]; root of context hierarchy
2018-04-29 12:48:40.299  INFO 2076 --- [main] s.w.s.m.m.a.RequestMappingHandlerMapping : Mapped "{[/result],methods=[POST]}" onto public java.lang.String com.example.demo.helloController.result(com.example.demo.mywordladder)
2018-04-29 12:48:40.302  INFO 2076 --- [main] s.w.s.m.m.a.RequestMappingHandlerMapping : Mapped "{[/login]}" onto public java.lang.String com.example.demo.helloController.toIndex()
2018-04-29 12:48:40.304  INFO 2076 --- [main] s.w.s.m.m.a.RequestMappingHandlerMapping : Mapped "{[/Main],methods=[POST]}" onto public java.lang.String com.example.demo.helloController.usepage(com.example.demo.user)
2018-04-29 12:48:40.306  INFO 2076 --- [main] s.w.s.m.m.a.RequestMappingHandlerMapping : Mapped "{[/Main]}" onto public java.lang.String com.example.demo.helloController.unpage()
2018-04-29 12:48:40.311  INFO 2076 --- [main] s.w.s.m.m.a.RequestMappingHandlerMapping : Mapped "{[/error]}" onto public org.springframework.http.ResponseEntity<java.util.Map<java.lang.String, java.lang.Object>> org.springframework.boot.autoconfigure.web.servlet.error.BasicErrorController.error(javax.servlet.http.HttpServletRequest)
2018-04-29 12:48:40.312  INFO 2076 --- [main] s.w.s.m.m.a.RequestMappingHandlerMapping : Mapped "{[/error],produces=[text/html]}" onto public org.springframework.web.servlet.ModelAndView org.springframework.boot.autoconfigure.web.servlet.error.BasicErrorController.errorHtml(javax.servlet.http.HttpServletRequest,javax.servlet.http.HttpServletResponse)
2018-04-29 12:48:40.384  INFO 2076 --- [main] o.s.w.s.handler.SimpleUrlHandlerMapping  : Mapped URL path [/webjars/**] onto handler of type [class org.springframework.web.servlet.resource.ResourceHttpRequestHandler]
2018-04-29 12:48:40.386  INFO 2076 --- [main] o.s.w.s.handler.SimpleUrlHandlerMapping  : Mapped URL path [/**] onto handler of type [class org.springframework.web.servlet.resource.ResourceHttpRequestHandler]
2018-04-29 12:48:41.043  INFO 2076 --- [main] com.example.demo.DemoApplicationTests    : Started DemoApplicationTests in 7.342 seconds (JVM running for 11.508)
2018-04-29 12:48:41.852  INFO 2076 --- [Thread-2] o.s.w.c.s.GenericWebApplicationContext   : Closing org.springframework.web.context.support.GenericWebApplicationContext@1a75e76a: startup date [Sun Apr 29 12:48:34 CST 2018]; root of context hierarchy
2018-04-29 12:49:00.848  INFO 14456 --- [main] com.example.demo.DemoApplication         : Starting DemoApplication on LAPTOP-BV675RMP with PID 14456 (started by 联想 in C:\Users\联想\IdeaProjects\homework3)
2018-04-29 12:49:00.855  INFO 14456 --- [main] com.example.demo.DemoApplication         : No active profile set, falling back to default profiles: default
2018-04-29 12:49:00.949  INFO 14456 --- [main] ConfigServletWebServerApplicationContext : Refreshing org.springframework.boot.web.servlet.context.AnnotationConfigServletWebServerApplicationContext@794cb805: startup date [Sun Apr 29 12:49:00 CST 2018]; root of context hierarchy
2018-04-29 12:49:02.588  INFO 14456 --- [main] o.s.b.w.embedded.tomcat.TomcatWebServer  : Tomcat initialized with port(s): 8080 (http)
2018-04-29 12:49:02.616  INFO 14456 --- [main] o.apache.catalina.core.StandardService   : Starting service [Tomcat]
2018-04-29 12:49:02.617  INFO 14456 --- [main] org.apache.catalina.core.StandardEngine  : Starting Servlet Engine: Apache Tomcat/8.5.29
2018-04-29 12:49:02.624  INFO 14456 --- [localhost-startStop-1] o.a.catalina.core.AprLifecycleListener   : The APR based Apache Tomcat Native library which allows optimal performance in production environments was not found on the java.library.path: [C:\Program Files\Java\jdk1.8.0_131\bin;C:\WINDOWS\Sun\Java\bin;C:\WINDOWS\system32;C:\WINDOWS;C:\ProgramData\Oracle\Java\javapath;C:\Python27;C:\WINDOWS;C:\WINDOWS\System32\Wbem;C:\WINDOWS\System32\WindowsPowerShell\v1.0\;C:\Program Files (x86)\Common Files\lenovo\easyplussdk\bin;C:\Program Files\Intel\WiFi\bin\;C:\Program Files\Common Files\Intel\WirelessCommon\;C:\Program Files\Microsoft SQL Server\130\Tools\Binn\;C:\WINDOWS\system32;C:\Program Files (x86)\Windows Kits\8.1\Windows Performance Toolkit\;C:\Program Files\nodejs\;C:\Program Files\MySQL\MySQL Utilities 1.6\;C:\Users\联想\Documents;C:\Users\联想\AppData\Roaming\npm;C:\Users\联想\AppData\Local\Microsoft\WindowsApps;;.]
2018-04-29 12:49:04.862  INFO 14456 --- [localhost-startStop-1] org.apache.jasper.servlet.TldScanner     : At least one JAR was scanned for TLDs yet contained no TLDs. Enable debug logging for this logger for a complete list of JARs that were scanned but no TLDs were found in them. Skipping unneeded JARs during scanning can improve startup time and JSP compilation time.
2018-04-29 12:49:04.870  INFO 14456 --- [localhost-startStop-1] o.a.c.c.C.[Tomcat].[localhost].[/]       : Initializing Spring embedded WebApplicationContext
2018-04-29 12:49:04.871  INFO 14456 --- [localhost-startStop-1] o.s.web.context.ContextLoader            : Root WebApplicationContext: initialization completed in 3922 ms
2018-04-29 12:49:05.061  INFO 14456 --- [localhost-startStop-1] o.s.b.w.servlet.ServletRegistrationBean  : Servlet dispatcherServlet mapped to [/]
2018-04-29 12:49:05.073  INFO 14456 --- [localhost-startStop-1] o.s.b.w.servlet.FilterRegistrationBean   : Mapping filter: 'characterEncodingFilter' to: [/*]
2018-04-29 12:49:05.078  INFO 14456 --- [localhost-startStop-1] o.s.b.w.servlet.FilterRegistrationBean   : Mapping filter: 'hiddenHttpMethodFilter' to: [/*]
2018-04-29 12:49:05.080  INFO 14456 --- [localhost-startStop-1] o.s.b.w.servlet.FilterRegistrationBean   : Mapping filter: 'httpPutFormContentFilter' to: [/*]
2018-04-29 12:49:05.083  INFO 14456 --- [localhost-startStop-1] o.s.b.w.servlet.FilterRegistrationBean   : Mapping filter: 'requestContextFilter' to: [/*]
2018-04-29 12:49:05.373  INFO 14456 --- [main] o.s.w.s.handler.SimpleUrlHandlerMapping  : Mapped URL path [/**/favicon.ico] onto handler of type [class org.springframework.web.servlet.resource.ResourceHttpRequestHandler]
2018-04-29 12:49:05.759  INFO 14456 --- [main] s.w.s.m.m.a.RequestMappingHandlerAdapter : Looking for @ControllerAdvice: org.springframework.boot.web.servlet.context.AnnotationConfigServletWebServerApplicationContext@794cb805: startup date [Sun Apr 29 12:49:00 CST 2018]; root of context hierarchy
2018-04-29 12:49:05.830  INFO 14456 --- [main] s.w.s.m.m.a.RequestMappingHandlerMapping : Mapped "{[/result],methods=[POST]}" onto public java.lang.String com.example.demo.helloController.result(com.example.demo.mywordladder)
2018-04-29 12:49:05.831  INFO 14456 --- [main] s.w.s.m.m.a.RequestMappingHandlerMapping : Mapped "{[/login]}" onto public java.lang.String com.example.demo.helloController.toIndex()
2018-04-29 12:49:05.832  INFO 14456 --- [main] s.w.s.m.m.a.RequestMappingHandlerMapping : Mapped "{[/Main]}" onto public java.lang.String com.example.demo.helloController.unpage()
2018-04-29 12:49:05.833  INFO 14456 --- [main] s.w.s.m.m.a.RequestMappingHandlerMapping : Mapped "{[/Main],methods=[POST]}" onto public java.lang.String com.example.demo.helloController.usepage(com.example.demo.user)
2018-04-29 12:49:05.838  INFO 14456 --- [main] s.w.s.m.m.a.RequestMappingHandlerMapping : Mapped "{[/error]}" onto public org.springframework.http.ResponseEntity<java.util.Map<java.lang.String, java.lang.Object>> org.springframework.boot.autoconfigure.web.servlet.error.BasicErrorController.error(javax.servlet.http.HttpServletRequest)
2018-04-29 12:49:05.839  INFO 14456 --- [main] s.w.s.m.m.a.RequestMappingHandlerMapping : Mapped "{[/error],produces=[text/html]}" onto public org.springframework.web.servlet.ModelAndView org.springframework.boot.autoconfigure.web.servlet.error.BasicErrorController.errorHtml(javax.servlet.http.HttpServletRequest,javax.servlet.http.HttpServletResponse)
2018-04-29 12:49:05.884  INFO 14456 --- [main] o.s.w.s.handler.SimpleUrlHandlerMapping  : Mapped URL path [/webjars/**] onto handler of type [class org.springframework.web.servlet.resource.ResourceHttpRequestHandler]
2018-04-29 12:49:05.885  INFO 14456 --- [main] o.s.w.s.handler.SimpleUrlHandlerMapping  : Mapped URL path [/**] onto handler of type [class org.springframework.web.servlet.resource.ResourceHttpRequestHandler]
2018-04-29 12:49:06.073  INFO 14456 --- [main] o.s.j.e.a.AnnotationMBeanExporter        : Registering beans for JMX exposure on startup
2018-04-29 12:49:06.173  INFO 14456 --- [main] o.s.b.w.embedded.tomcat.TomcatWebServer  : Tomcat started on port(s): 8080 (http) with context path ''
2018-04-29 12:49:06.179  INFO 14456 --- [main] com.example.demo.DemoApplication         : Started DemoApplication in 6.151 seconds (JVM running for 7.918)
2018-04-29 12:49:17.440  INFO 14456 --- [http-nio-8080-exec-1] o.a.c.c.C.[Tomcat].[localhost].[/]       : Initializing Spring FrameworkServlet 'dispatcherServlet'
2018-04-29 12:49:17.442  INFO 14456 --- [http-nio-8080-exec-1] o.s.web.servlet.DispatcherServlet        : FrameworkServlet 'dispatcherServlet': initialization started
2018-04-29 12:49:17.479  INFO 14456 --- [http-nio-8080-exec-1] o.s.web.servlet.DispatcherServlet        : FrameworkServlet 'dispatcherServlet': initialization completed in 35 ms
2018-04-29 12:49:20.920  INFO 14456 --- [http-nio-8080-exec-3] o.apache.jsp.WEB_002dINF.wordladder_jsp  : 用户忘记邮箱
2018-04-29 12:50:26.663  INFO 14456 --- [http-nio-8080-exec-7] o.apache.jsp.WEB_002dINF.wordladder_jsp  : 用户成功登录
2018-04-29 12:59:46.281  INFO 10044 --- [main] com.example.demo.DemoApplication         : Starting DemoApplication on LAPTOP-BV675RMP with PID 10044 (started by 联想 in C:\Users\联想\IdeaProjects\homework3)
2018-04-29 12:59:46.299  INFO 10044 --- [main] com.example.demo.DemoApplication         : No active profile set, falling back to default profiles: default
2018-04-29 12:59:46.365  INFO 10044 --- [main] ConfigServletWebServerApplicationContext : Refreshing org.springframework.boot.web.servlet.context.AnnotationConfigServletWebServerApplicationContext@433d61fb: startup date [Sun Apr 29 12:59:46 CST 2018]; root of context hierarchy
2018-04-29 12:59:48.137  INFO 10044 --- [main] o.s.b.w.embedded.tomcat.TomcatWebServer  : Tomcat initialized with port(s): 8080 (http)
2018-04-29 12:59:48.184  INFO 10044 --- [main] o.apache.catalina.core.StandardService   : Starting service [Tomcat]
2018-04-29 12:59:48.184  INFO 10044 --- [main] org.apache.catalina.core.StandardEngine  : Starting Servlet Engine: Apache Tomcat/8.5.29
2018-04-29 12:59:48.192  INFO 10044 --- [localhost-startStop-1] o.a.catalina.core.AprLifecycleListener   : The APR based Apache Tomcat Native library which allows optimal performance in production environments was not found on the java.library.path: [C:\Program Files\Java\jdk1.8.0_131\bin;C:\WINDOWS\Sun\Java\bin;C:\WINDOWS\system32;C:\WINDOWS;C:\ProgramData\Oracle\Java\javapath;C:\Python27;C:\WINDOWS;C:\WINDOWS\System32\Wbem;C:\WINDOWS\System32\WindowsPowerShell\v1.0\;C:\Program Files (x86)\Common Files\lenovo\easyplussdk\bin;C:\Program Files\Intel\WiFi\bin\;C:\Program Files\Common Files\Intel\WirelessCommon\;C:\Program Files\Microsoft SQL Server\130\Tools\Binn\;C:\WINDOWS\system32;C:\Program Files (x86)\Windows Kits\8.1\Windows Performance Toolkit\;C:\Program Files\nodejs\;C:\Program Files\MySQL\MySQL Utilities 1.6\;C:\Users\联想\Documents;C:\Users\联想\AppData\Roaming\npm;C:\Users\联想\AppData\Local\Microsoft\WindowsApps;;.]
2018-04-29 12:59:48.602  INFO 10044 --- [localhost-startStop-1] org.apache.jasper.servlet.TldScanner     : At least one JAR was scanned for TLDs yet contained no TLDs. Enable debug logging for this logger for a complete list of JARs that were scanned but no TLDs were found in them. Skipping unneeded JARs during scanning can improve startup time and JSP compilation time.
2018-04-29 12:59:48.610  INFO 10044 --- [localhost-startStop-1] o.a.c.c.C.[Tomcat].[localhost].[/]       : Initializing Spring embedded WebApplicationContext
2018-04-29 12:59:48.610  INFO 10044 --- [localhost-startStop-1] o.s.web.context.ContextLoader            : Root WebApplicationContext: initialization completed in 2245 ms
2018-04-29 12:59:48.772  INFO 10044 --- [localhost-startStop-1] o.s.b.w.servlet.ServletRegistrationBean  : Servlet dispatcherServlet mapped to [/]
2018-04-29 12:59:48.776  INFO 10044 --- [localhost-startStop-1] o.s.b.w.servlet.FilterRegistrationBean   : Mapping filter: 'characterEncodingFilter' to: [/*]
2018-04-29 12:59:48.778  INFO 10044 --- [localhost-startStop-1] o.s.b.w.servlet.FilterRegistrationBean   : Mapping filter: 'hiddenHttpMethodFilter' to: [/*]
2018-04-29 12:59:48.778  INFO 10044 --- [localhost-startStop-1] o.s.b.w.servlet.FilterRegistrationBean   : Mapping filter: 'httpPutFormContentFilter' to: [/*]
2018-04-29 12:59:48.778  INFO 10044 --- [localhost-startStop-1] o.s.b.w.servlet.FilterRegistrationBean   : Mapping filter: 'requestContextFilter' to: [/*]
2018-04-29 12:59:48.938  INFO 10044 --- [main] o.s.w.s.handler.SimpleUrlHandlerMapping  : Mapped URL path [/**/favicon.ico] onto handler of type [class org.springframework.web.servlet.resource.ResourceHttpRequestHandler]
2018-04-29 12:59:49.189  INFO 10044 --- [main] s.w.s.m.m.a.RequestMappingHandlerAdapter : Looking for @ControllerAdvice: org.springframework.boot.web.servlet.context.AnnotationConfigServletWebServerApplicationContext@433d61fb: startup date [Sun Apr 29 12:59:46 CST 2018]; root of context hierarchy
2018-04-29 12:59:49.306  INFO 10044 --- [main] s.w.s.m.m.a.RequestMappingHandlerMapping : Mapped "{[/result],methods=[POST]}" onto public java.lang.String com.example.demo.helloController.result(com.example.demo.mywordladder)
2018-04-29 12:59:49.309  INFO 10044 --- [main] s.w.s.m.m.a.RequestMappingHandlerMapping : Mapped "{[/login]}" onto public java.lang.String com.example.demo.helloController.toIndex()
2018-04-29 12:59:49.310  INFO 10044 --- [main] s.w.s.m.m.a.RequestMappingHandlerMapping : Mapped "{[/Main],methods=[POST]}" onto public java.lang.String com.example.demo.helloController.usepage(com.example.demo.user)
2018-04-29 12:59:49.318  INFO 10044 --- [main] s.w.s.m.m.a.RequestMappingHandlerMapping : Mapped "{[/error]}" onto public org.springframework.http.ResponseEntity<java.util.Map<java.lang.String, java.lang.Object>> org.springframework.boot.autoconfigure.web.servlet.error.BasicErrorController.error(javax.servlet.http.HttpServletRequest)
2018-04-29 12:59:49.319  INFO 10044 --- [main] s.w.s.m.m.a.RequestMappingHandlerMapping : Mapped "{[/error],produces=[text/html]}" onto public org.springframework.web.servlet.ModelAndView org.springframework.boot.autoconfigure.web.servlet.error.BasicErrorController.errorHtml(javax.servlet.http.HttpServletRequest,javax.servlet.http.HttpServletResponse)
2018-04-29 12:59:49.364  INFO 10044 --- [main] o.s.w.s.handler.SimpleUrlHandlerMapping  : Mapped URL path [/webjars/**] onto handler of type [class org.springframework.web.servlet.resource.ResourceHttpRequestHandler]
2018-04-29 12:59:49.365  INFO 10044 --- [main] o.s.w.s.handler.SimpleUrlHandlerMapping  : Mapped URL path [/**] onto handler of type [class org.springframework.web.servlet.resource.ResourceHttpRequestHandler]
2018-04-29 12:59:49.569  INFO 10044 --- [main] o.s.j.e.a.AnnotationMBeanExporter        : Registering beans for JMX exposure on startup
2018-04-29 12:59:49.625  INFO 10044 --- [main] o.s.b.w.embedded.tomcat.TomcatWebServer  : Tomcat started on port(s): 8080 (http) with context path ''
2018-04-29 12:59:49.629  INFO 10044 --- [main] com.example.demo.DemoApplication         : Started DemoApplication in 4.23 seconds (JVM running for 5.525)
2018-04-29 12:59:59.881  INFO 10044 --- [http-nio-8080-exec-1] o.a.c.c.C.[Tomcat].[localhost].[/]       : Initializing Spring FrameworkServlet 'dispatcherServlet'
2018-04-29 12:59:59.882  INFO 10044 --- [http-nio-8080-exec-1] o.s.web.servlet.DispatcherServlet        : FrameworkServlet 'dispatcherServlet': initialization started
2018-04-29 12:59:59.915  INFO 10044 --- [http-nio-8080-exec-1] o.s.web.servlet.DispatcherServlet        : FrameworkServlet 'dispatcherServlet': initialization completed in 32 ms
2018-04-29 12:59:59.948  WARN 10044 --- [http-nio-8080-exec-1] o.s.web.servlet.PageNotFound             : Request method 'GET' not supported
2018-04-29 13:00:13.800  INFO 10044 --- [http-nio-8080-exec-7] o.apache.jsp.WEB_002dINF.wordladder_jsp  : 用户成功登录
2018-04-29 13:00:24.366  INFO 10044 --- [http-nio-8080-exec-9] o.apache.jsp.WEB_002dINF.wordladder_jsp  : 用户成功登录
2018-04-29 13:00:32.427  INFO 10044 --- [http-nio-8080-exec-2] o.apache.jsp.WEB_002dINF.wordladder_jsp  : 用户成功登录
2018-04-29 13:01:18.842  WARN 10044 --- [http-nio-8080-exec-4] o.s.web.servlet.PageNotFound             : Request method 'GET' not supported
